[0.733s] Invoking command in '/home/robox/Simulation/rbs_simulation': PYTHONPATH=/home/robox/Simulation/build/rbs_simulation/prefix_override:/home/robox/Simulation/install/rbs_simulation/lib/python3.10/site-packages:${PYTHONPATH} /usr/bin/python3 -W ignore:setup.py install is deprecated setup.py egg_info --egg-base ../build/rbs_simulation build --build-base /home/robox/Simulation/build/rbs_simulation/build install --record /home/robox/Simulation/build/rbs_simulation/install.log --single-version-externally-managed install_data
[1.052s] running egg_info
[1.052s] writing ../build/rbs_simulation/rbs_simulation.egg-info/PKG-INFO
[1.053s] writing dependency_links to ../build/rbs_simulation/rbs_simulation.egg-info/dependency_links.txt
[1.053s] writing entry points to ../build/rbs_simulation/rbs_simulation.egg-info/entry_points.txt
[1.053s] writing requirements to ../build/rbs_simulation/rbs_simulation.egg-info/requires.txt
[1.053s] writing top-level names to ../build/rbs_simulation/rbs_simulation.egg-info/top_level.txt
[1.055s] reading manifest file '../build/rbs_simulation/rbs_simulation.egg-info/SOURCES.txt'
[1.056s] writing manifest file '../build/rbs_simulation/rbs_simulation.egg-info/SOURCES.txt'
[1.056s] running build
[1.057s] running build_py
[1.057s] running install
[1.058s] running install_lib
[1.059s] running install_data
[1.059s] running install_egg_info
[1.063s] removing '/home/robox/Simulation/install/rbs_simulation/lib/python3.10/site-packages/rbs_simulation-0.0.0-py3.10.egg-info' (and everything under it)
[1.063s] Copying ../build/rbs_simulation/rbs_simulation.egg-info to /home/robox/Simulation/install/rbs_simulation/lib/python3.10/site-packages/rbs_simulation-0.0.0-py3.10.egg-info
[1.065s] running install_scripts
[1.084s] Installing test_node script to /home/robox/Simulation/install/rbs_simulation/lib/rbs_simulation
[1.084s] writing list of installed files to '/home/robox/Simulation/build/rbs_simulation/install.log'
[1.120s] Invoked command in '/home/robox/Simulation/rbs_simulation' returned '0': PYTHONPATH=/home/robox/Simulation/build/rbs_simulation/prefix_override:/home/robox/Simulation/install/rbs_simulation/lib/python3.10/site-packages:${PYTHONPATH} /usr/bin/python3 -W ignore:setup.py install is deprecated setup.py egg_info --egg-base ../build/rbs_simulation build --build-base /home/robox/Simulation/build/rbs_simulation/build install --record /home/robox/Simulation/build/rbs_simulation/install.log --single-version-externally-managed install_data
