[0.614s] Invoking command in '/home/robox/Simulation/rbs_simulation': PYTHONPATH=/home/robox/Simulation/build/rbs_simulation/prefix_override:/home/robox/Simulation/install/rbs_simulation/lib/python3.10/site-packages:${PYTHONPATH} /usr/bin/python3 -W ignore:setup.py install is deprecated setup.py egg_info --egg-base ../build/rbs_simulation build --build-base /home/robox/Simulation/build/rbs_simulation/build install --record /home/robox/Simulation/build/rbs_simulation/install.log --single-version-externally-managed install_data
[0.866s] running egg_info
[0.866s] writing ../build/rbs_simulation/rbs_simulation.egg-info/PKG-INFO
[0.866s] writing dependency_links to ../build/rbs_simulation/rbs_simulation.egg-info/dependency_links.txt
[0.866s] writing entry points to ../build/rbs_simulation/rbs_simulation.egg-info/entry_points.txt
[0.867s] writing requirements to ../build/rbs_simulation/rbs_simulation.egg-info/requires.txt
[0.867s] writing top-level names to ../build/rbs_simulation/rbs_simulation.egg-info/top_level.txt
[0.869s] reading manifest file '../build/rbs_simulation/rbs_simulation.egg-info/SOURCES.txt'
[0.870s] writing manifest file '../build/rbs_simulation/rbs_simulation.egg-info/SOURCES.txt'
[0.870s] running build
[0.870s] running build_py
[0.870s] copying rbs_simulation/camera_node.py -> /home/robox/Simulation/build/rbs_simulation/build/lib/rbs_simulation
[0.870s] running install
[0.871s] running install_lib
[0.871s] copying /home/robox/Simulation/build/rbs_simulation/build/lib/rbs_simulation/camera_node.py -> /home/robox/Simulation/install/rbs_simulation/lib/python3.10/site-packages/rbs_simulation
[0.872s] byte-compiling /home/robox/Simulation/install/rbs_simulation/lib/python3.10/site-packages/rbs_simulation/camera_node.py to camera_node.cpython-310.pyc
[0.872s] running install_data
[0.873s] running install_egg_info
[0.874s] removing '/home/robox/Simulation/install/rbs_simulation/lib/python3.10/site-packages/rbs_simulation-0.0.0-py3.10.egg-info' (and everything under it)
[0.874s] Copying ../build/rbs_simulation/rbs_simulation.egg-info to /home/robox/Simulation/install/rbs_simulation/lib/python3.10/site-packages/rbs_simulation-0.0.0-py3.10.egg-info
[0.875s] running install_scripts
[0.894s] Installing test_node script to /home/robox/Simulation/install/rbs_simulation/lib/rbs_simulation
[0.894s] writing list of installed files to '/home/robox/Simulation/build/rbs_simulation/install.log'
[0.922s] Invoked command in '/home/robox/Simulation/rbs_simulation' returned '0': PYTHONPATH=/home/robox/Simulation/build/rbs_simulation/prefix_override:/home/robox/Simulation/install/rbs_simulation/lib/python3.10/site-packages:${PYTHONPATH} /usr/bin/python3 -W ignore:setup.py install is deprecated setup.py egg_info --egg-base ../build/rbs_simulation build --build-base /home/robox/Simulation/build/rbs_simulation/build install --record /home/robox/Simulation/build/rbs_simulation/install.log --single-version-externally-managed install_data
