[0.606s] Invoking command in '/home/robox/Simulation/build/rbs_simulation': PYTHONPATH=/home/robox/Simulation/build/rbs_simulation/prefix_override:/home/robox/Simulation/install/rbs_simulation/lib/python3.10/site-packages:${PYTHONPATH} /usr/bin/python3 -W ignore:setup.py install is deprecated setup.py develop --uninstall --editable --build-directory /home/robox/Simulation/build/rbs_simulation/build
[0.870s] running develop
[1.033s] Removing /home/robox/Simulation/install/rbs_simulation/lib/python3.10/site-packages/rbs-simulation.egg-link (link to .)
[1.065s] Invoked command in '/home/robox/Simulation/build/rbs_simulation' returned '0': PYTHONPATH=/home/robox/Simulation/build/rbs_simulation/prefix_override:/home/robox/Simulation/install/rbs_simulation/lib/python3.10/site-packages:${PYTHONPATH} /usr/bin/python3 -W ignore:setup.py install is deprecated setup.py develop --uninstall --editable --build-directory /home/robox/Simulation/build/rbs_simulation/build
[1.066s] Invoking command in '/home/robox/Simulation/rbs_simulation': PYTHONPATH=/home/robox/Simulation/build/rbs_simulation/prefix_override:/home/robox/Simulation/install/rbs_simulation/lib/python3.10/site-packages:${PYTHONPATH} /usr/bin/python3 -W ignore:setup.py install is deprecated setup.py egg_info --egg-base ../build/rbs_simulation build --build-base /home/robox/Simulation/build/rbs_simulation/build install --record /home/robox/Simulation/build/rbs_simulation/install.log --single-version-externally-managed install_data --force
[1.307s] running egg_info
[1.308s] writing ../build/rbs_simulation/rbs_simulation.egg-info/PKG-INFO
[1.308s] writing dependency_links to ../build/rbs_simulation/rbs_simulation.egg-info/dependency_links.txt
[1.308s] writing entry points to ../build/rbs_simulation/rbs_simulation.egg-info/entry_points.txt
[1.309s] writing requirements to ../build/rbs_simulation/rbs_simulation.egg-info/requires.txt
[1.309s] writing top-level names to ../build/rbs_simulation/rbs_simulation.egg-info/top_level.txt
[1.311s] reading manifest file '../build/rbs_simulation/rbs_simulation.egg-info/SOURCES.txt'
[1.312s] writing manifest file '../build/rbs_simulation/rbs_simulation.egg-info/SOURCES.txt'
[1.312s] running build
[1.312s] running build_py
[1.312s] running install
[1.313s] running install_lib
[1.314s] creating /home/robox/Simulation/install/rbs_simulation/lib/python3.10/site-packages/rbs_simulation
[1.314s] copying /home/robox/Simulation/build/rbs_simulation/build/lib/rbs_simulation/camera_node.py -> /home/robox/Simulation/install/rbs_simulation/lib/python3.10/site-packages/rbs_simulation
[1.314s] copying /home/robox/Simulation/build/rbs_simulation/build/lib/rbs_simulation/__init__.py -> /home/robox/Simulation/install/rbs_simulation/lib/python3.10/site-packages/rbs_simulation
[1.315s] byte-compiling /home/robox/Simulation/install/rbs_simulation/lib/python3.10/site-packages/rbs_simulation/camera_node.py to camera_node.cpython-310.pyc
[1.316s] byte-compiling /home/robox/Simulation/install/rbs_simulation/lib/python3.10/site-packages/rbs_simulation/__init__.py to __init__.cpython-310.pyc
[1.316s] running install_data
[1.316s] copying resource/rbs_simulation -> /home/robox/Simulation/install/rbs_simulation/share/ament_index/resource_index/packages
[1.316s] copying package.xml -> /home/robox/Simulation/install/rbs_simulation/share/rbs_simulation
[1.316s] running install_egg_info
[1.319s] Copying ../build/rbs_simulation/rbs_simulation.egg-info to /home/robox/Simulation/install/rbs_simulation/lib/python3.10/site-packages/rbs_simulation-0.0.0-py3.10.egg-info
[1.320s] running install_scripts
[1.338s] Installing test_node script to /home/robox/Simulation/install/rbs_simulation/lib/rbs_simulation
[1.339s] writing list of installed files to '/home/robox/Simulation/build/rbs_simulation/install.log'
[1.365s] Invoked command in '/home/robox/Simulation/rbs_simulation' returned '0': PYTHONPATH=/home/robox/Simulation/build/rbs_simulation/prefix_override:/home/robox/Simulation/install/rbs_simulation/lib/python3.10/site-packages:${PYTHONPATH} /usr/bin/python3 -W ignore:setup.py install is deprecated setup.py egg_info --egg-base ../build/rbs_simulation build --build-base /home/robox/Simulation/build/rbs_simulation/build install --record /home/robox/Simulation/build/rbs_simulation/install.log --single-version-externally-managed install_data --force
